<?xml version="1.0" encoding="UTF-8"?>
<!-- Generated by org.testng.reporters.JUnitReportReporter -->
<testsuite hostname="DESKTOP-J7V7KI8" name="testng.greenspractice.Task7" tests="3" failures="0" timestamp="17 Mar 2022 12:06:16 GMT" time="160.859" errors="0">
  <testcase name="tc" time="26.035" classname="testng.greenspractice.Task7"/>
  <testcase name="tc" time="121.852" classname="testng.greenspractice.Task7"/>
  <testcase name="tc" time="12.972" classname="testng.greenspractice.Task7"/>
</testsuite> <!-- testng.greenspractice.Task7 -->
