<?xml version="1.0" encoding="UTF-8"?>
<!-- Generated by org.testng.reporters.JUnitReportReporter -->
<testsuite hostname="DESKTOP-J7V7KI8" name="testng.greenspractice.Task1" tests="1" failures="0" timestamp="17 Mar 2022 09:48:45 GMT" time="0.339" errors="0">
  <testcase name="Facebook" time="0.339" classname="testng.greenspractice.Task1"/>
</testsuite> <!-- testng.greenspractice.Task1 -->
