<?xml version="1.0" encoding="UTF-8"?>
<!-- Generated by org.testng.reporters.JUnitReportReporter -->
<testsuite hostname="DESKTOP-J7V7KI8" name="org.practice.Demo" tests="3" failures="0" timestamp="28 Mar 2022 11:18:17 GMT" time="0.010" errors="0">
  <testcase name="tc1" time="0.008" classname="org.practice.Demo"/>
  <testcase name="tc2" time="0.002" classname="org.practice.Demo"/>
  <testcase name="tc3" time="0.000" classname="org.practice.Demo"/>
</testsuite> <!-- org.practice.Demo -->
