<?xml version="1.0" encoding="UTF-8"?>
<!-- Generated by org.testng.reporters.JUnitReportReporter -->
<testsuite hostname="DESKTOP-NAVEEN" name="suiteLevelExecution.Practice" tests="4" failures="0" timestamp="5 May 2022 02:54:32 GMT" time="242.247" errors="0">
  <testcase name="tc" time="96.319" classname="suiteLevelExecution.Practice"/>
  <testcase name="tc" time="14.008" classname="suiteLevelExecution.Practice"/>
  <testcase name="tc" time="104.868" classname="suiteLevelExecution.Practice"/>
  <testcase name="tc" time="27.052" classname="suiteLevelExecution.Practice"/>
</testsuite> <!-- suiteLevelExecution.Practice -->
