<?xml version="1.0" encoding="UTF-8"?>
<!-- Generated by org.testng.reporters.JUnitReportReporter -->
<testsuite hostname="DESKTOP-J7V7KI8" name="suiteLevelExecution.Parallel2" tests="3" failures="0" timestamp="8 Apr 2022 03:03:42 GMT" time="0.022" errors="0">
  <testcase name="tc100" time="0.014" classname="suiteLevelExecution.Parallel2"/>
  <testcase name="tc300" time="0.003" classname="suiteLevelExecution.Parallel2"/>
  <testcase name="tc200" time="0.005" classname="suiteLevelExecution.Parallel2"/>
</testsuite> <!-- suiteLevelExecution.Parallel2 -->
