<?xml version="1.0" encoding="UTF-8"?>
<!-- Generated by org.testng.reporters.JUnitReportReporter -->
<testsuite hostname="DESKTOP-J7V7KI8" name="suiteLevelExecution.Parallel1" tests="3" failures="0" timestamp="8 Apr 2022 03:03:42 GMT" time="0.012" errors="0">
  <testcase name="tc2" time="0.000" classname="suiteLevelExecution.Parallel1"/>
  <testcase name="tc1" time="0.011" classname="suiteLevelExecution.Parallel1"/>
  <testcase name="tc3" time="0.001" classname="suiteLevelExecution.Parallel1"/>
</testsuite> <!-- suiteLevelExecution.Parallel1 -->
