<?xml version="1.0" encoding="UTF-8"?>
<!-- Generated by org.testng.reporters.JUnitReportReporter -->
<testsuite hostname="DESKTOP-J7V7KI8" name="learnAutomation.ParallelTesting" tests="2" failures="0" timestamp="9 Mar 2022 10:27:49 GMT" time="20.691" errors="0">
  <testcase name="openBing" time="9.525" classname="learnAutomation.ParallelTesting"/>
  <testcase name="openGoogle" time="11.166" classname="learnAutomation.ParallelTesting"/>
</testsuite> <!-- learnAutomation.ParallelTesting -->
