<?xml version="1.0" encoding="UTF-8"?>
<!-- Generated by org.testng.reporters.JUnitReportReporter -->
<testsuite hostname="DESKTOP-NAVEEN" name="learnAutomation.LearnAutomationPractice" tests="3" failures="0" timestamp="21 May 2022 18:05:37 GMT" time="0.013" errors="0">
  <testcase name="colleg" time="0.001" classname="learnAutomation.LearnAutomationPractice"/>
  <testcase name="highSchool" time="0.011" classname="learnAutomation.LearnAutomationPractice"/>
  <testcase name="higherSecondary" time="0.001" classname="learnAutomation.LearnAutomationPractice"/>
</testsuite> <!-- learnAutomation.LearnAutomationPractice -->
