<?xml version="1.0" encoding="UTF-8"?>
<!-- Generated by org.testng.reporters.JUnitReportReporter -->
<testsuite hostname="DESKTOP-J7V7KI8" name="testng.greenspractice.Task2" tests="1" failures="0" timestamp="17 Mar 2022 11:12:43 GMT" time="6.487" errors="0">
  <testcase name="Flipkart" time="6.487" classname="testng.greenspractice.Task2"/>
</testsuite> <!-- testng.greenspractice.Task2 -->
