<?xml version="1.0" encoding="UTF-8"?>
<!-- Generated by org.testng.reporters.JUnitReportReporter -->
<testsuite hostname="DESKTOP-J7V7KI8" name="learnAutomation.AnnotationsHierachyExample" tests="2" failures="0" timestamp="10 Mar 2022 03:21:44 GMT" time="0.016" errors="0">
  <testcase name="test1" time="0.000" classname="learnAutomation.AnnotationsHierachyExample"/>
  <testcase name="test2" time="0.016" classname="learnAutomation.AnnotationsHierachyExample"/>
</testsuite> <!-- learnAutomation.AnnotationsHierachyExample -->
