<?xml version="1.0" encoding="UTF-8"?>
<!-- Generated by org.testng.reporters.JUnitReportReporter -->
<testsuite hostname="DESKTOP-J7V7KI8" name="learnAutomation.SuiteLA" tests="3" failures="0" timestamp="9 Mar 2022 09:56:53 GMT" time="6.669" errors="0">
  <testcase name="openGoogle" time="2.462" classname="learnAutomation.SuiteLA"/>
  <testcase name="openBing" time="2.511" classname="learnAutomation.SuiteLA"/>
  <testcase name="openYahoo" time="1.696" classname="learnAutomation.SuiteLA"/>
</testsuite> <!-- learnAutomation.SuiteLA -->
