<?xml version="1.0" encoding="UTF-8"?>
<!-- Generated by org.testng.reporters.JUnitReportReporter -->
<testsuite hostname="DESKTOP-NAVEEN" name="extendedreport.LAReport" tests="3" failures="0" timestamp="21 May 2022 17:50:19 GMT" time="40.757" errors="0">
  <testcase name="openWikipedia" time="8.040" classname="extendedreport.LAReport"/>
  <testcase name="openGoogle" time="26.052" classname="extendedreport.LAReport"/>
  <testcase name="openBing" time="6.665" classname="extendedreport.LAReport"/>
</testsuite> <!-- extendedreport.LAReport -->
