<?xml version="1.0" encoding="UTF-8"?>
<!-- Generated by org.testng.reporters.JUnitReportReporter -->
<testsuite hostname="DESKTOP-J7V7KI8" name="suiteLevelExecution.Test5" tests="1" failures="0" timestamp="8 Apr 2022 03:06:22 GMT" time="6.455" errors="0">
  <testcase name="tc1" time="6.455" classname="suiteLevelExecution.Test5"/>
</testsuite> <!-- suiteLevelExecution.Test5 -->
