<?xml version="1.0" encoding="UTF-8"?>
<!-- Generated by org.testng.reporters.JUnitReportReporter -->
<testsuite hostname="DESKTOP-J7V7KI8" name="LoginTestCase.correctPassword" tests="1" failures="0" timestamp="10 Mar 2022 16:47:04 GMT" time="16.186" errors="0">
  <testcase name="loginWithCorrectPassword" time="16.186" classname="LoginTestCase.correctPassword"/>
</testsuite> <!-- LoginTestCase.correctPassword -->
