<?xml version="1.0" encoding="UTF-8"?>
<!-- Generated by org.testng.reporters.JUnitReportReporter -->
<testsuite skipped="0" hostname="DESKTOP-NAVEEN" name="parallelcrossbrowser.Parallel1" tests="2" failures="0" timestamp="21 Aug 2022 09:19:23 GMT" time="42.951" errors="0">
  <testcase name="tc" time="33.117" classname="parallelcrossbrowser.Parallel1"/>
  <testcase name="tc" time="9.834" classname="parallelcrossbrowser.Parallel1"/>
</testsuite> <!-- parallelcrossbrowser.Parallel1 -->
