<?xml version="1.0" encoding="UTF-8"?>
<!-- Generated by org.testng.reporters.JUnitReportReporter -->
<testsuite hostname="DESKTOP-J7V7KI8" name="testng.greenspractice.Task6" tests="3" failures="0" timestamp="17 Mar 2022 12:01:40 GMT" time="66.104" errors="0">
  <testcase name="tc" time="21.828" classname="testng.greenspractice.Task6"/>
  <testcase name="tc" time="12.362" classname="testng.greenspractice.Task6"/>
  <testcase name="tc" time="31.914" classname="testng.greenspractice.Task6"/>
</testsuite> <!-- testng.greenspractice.Task6 -->
