<?xml version="1.0" encoding="UTF-8"?>
<!-- Generated by org.testng.reporters.JUnitReportReporter -->
<testsuite hostname="DESKTOP-J7V7KI8" name="org.com.New" tests="1" failures="0" timestamp="8 Mar 2022 13:32:10 GMT" time="0.004" errors="0">
  <testcase name="tc1" time="0.004" classname="org.com.New"/>
</testsuite> <!-- org.com.New -->
