<?xml version="1.0" encoding="UTF-8"?>
<!-- Generated by org.testng.reporters.JUnitReportReporter -->
<testsuite hostname="DESKTOP-J7V7KI8" name="dataProvider.Login" tests="2" failures="0" timestamp="10 Mar 2022 13:00:57 GMT" time="26.519" errors="0">
  <testcase name="tc1" time="12.899" classname="dataProvider.Login"/>
  <testcase name="tc1" time="13.620" classname="dataProvider.Login"/>
</testsuite> <!-- dataProvider.Login -->
