<?xml version="1.0" encoding="UTF-8"?>
<!-- Generated by org.testng.reporters.JUnitReportReporter -->
<testsuite skipped="0" hostname="DESKTOP-NAVEEN" name="suiteLevelExecution.Group3" tests="1" failures="0" timestamp="21 Aug 2022 08:38:13 GMT" time="0.003" errors="0">
  <testcase name="tc1000" time="0.003" classname="suiteLevelExecution.Group3"/>
</testsuite> <!-- suiteLevelExecution.Group3 -->
