<?xml version="1.0" encoding="UTF-8"?>
<!-- Generated by org.testng.reporters.JUnitReportReporter -->
<testsuite hostname="DESKTOP-J7V7KI8" name="org.com.Sanple2" tests="6" failures="0" timestamp="10 Mar 2022 01:41:46 GMT" time="0.018" errors="0">
  <testcase name="tc3" time="0.001" classname="org.com.Sanple2"/>
  <testcase name="tc3" time="0.001" classname="org.com.Sanple2"/>
  <testcase name="tc3" time="0.000" classname="org.com.Sanple2"/>
  <testcase name="tc4" time="0.015" classname="org.com.Sanple2"/>
  <testcase name="tc2" time="0.000" classname="org.com.Sanple2"/>
  <testcase name="tc1" time="0.001" classname="org.com.Sanple2"/>
</testsuite> <!-- org.com.Sanple2 -->
