<?xml version="1.0" encoding="UTF-8"?>
<!-- Generated by org.testng.reporters.JUnitReportReporter -->
<testsuite hostname="DESKTOP-J7V7KI8" name="testng.greenspractice.Task123" tests="1" failures="0" timestamp="19 Mar 2022 06:48:16 GMT" time="0.506" errors="0">
  <testcase name="registerationForm" time="0.506" classname="testng.greenspractice.Task123"/>
</testsuite> <!-- testng.greenspractice.Task123 -->
