<?xml version="1.0" encoding="UTF-8"?>
<!-- Generated by org.testng.reporters.JUnitReportReporter -->
<testsuite skipped="0" hostname="DESKTOP-NAVEEN" name="DailyPracticeTestNG.CrossBrowser" tests="2" failures="0" timestamp="21 Aug 2022 08:37:01 GMT" time="110.742" errors="0">
  <testcase name="tc" time="16.211" classname="DailyPracticeTestNG.CrossBrowser"/>
  <testcase name="tc" time="94.531" classname="DailyPracticeTestNG.CrossBrowser"/>
</testsuite> <!-- DailyPracticeTestNG.CrossBrowser -->
