<?xml version="1.0" encoding="UTF-8"?>
<!-- Generated by org.testng.reporters.JUnitReportReporter -->
<testsuite hostname="DESKTOP-J7V7KI8" name="testng.greenspractice.Task124" tests="1" failures="0" timestamp="19 Mar 2022 06:48:16 GMT" time="0.715" errors="0">
  <testcase name="registerationForm" time="0.715" classname="testng.greenspractice.Task124"/>
</testsuite> <!-- testng.greenspractice.Task124 -->
