<?xml version="1.0" encoding="UTF-8"?>
<!-- Generated by org.testng.reporters.JUnitReportReporter -->
<testsuite hostname="DESKTOP-J7V7KI8" name="greensjunittask4.FlipkartJunit" tests="1" failures="0" timestamp="24 Mar 2022 05:53:17 GMT" time="10.281" errors="0">
  <testcase name="tc1" time="10.281" classname="greensjunittask4.FlipkartJunit"/>
</testsuite> <!-- greensjunittask4.FlipkartJunit -->
