<?xml version="1.0" encoding="UTF-8"?>
<!-- Generated by org.testng.reporters.JUnitReportReporter -->
<testsuite hostname="DESKTOP-J7V7KI8" name="learnAutomation.GroupingExample" tests="8" failures="0" timestamp="9 Mar 2022 09:56:53 GMT" time="0.077" errors="0">
  <testcase name="apple2" time="0.001" classname="learnAutomation.GroupingExample"/>
  <testcase name="moto2" time="0.000" classname="learnAutomation.GroupingExample"/>
  <testcase name="vivo2" time="0.004" classname="learnAutomation.GroupingExample"/>
  <testcase name="moto1" time="0.002" classname="learnAutomation.GroupingExample"/>
  <testcase name="vivo1" time="0.000" classname="learnAutomation.GroupingExample"/>
  <testcase name="apple1" time="0.000" classname="learnAutomation.GroupingExample"/>
  <testcase name="lenovo2" time="0.000" classname="learnAutomation.GroupingExample"/>
  <testcase name="lenovo1" time="0.070" classname="learnAutomation.GroupingExample"/>
</testsuite> <!-- learnAutomation.GroupingExample -->
