<?xml version="1.0" encoding="UTF-8"?>
<!-- Generated by org.testng.reporters.JUnitReportReporter -->
<testsuite hostname="DESKTOP-NAVEEN" name="suiteLevelExecution.Parallel3" tests="3" failures="0" timestamp="15 Aug 2022 03:46:21 GMT" time="0.019" errors="0">
  <testcase name="tc1000" time="0.018" classname="suiteLevelExecution.Parallel3"/>
  <testcase name="tc3000" time="0.000" classname="suiteLevelExecution.Parallel3"/>
  <testcase name="tc2000" time="0.001" classname="suiteLevelExecution.Parallel3"/>
</testsuite> <!-- suiteLevelExecution.Parallel3 -->
