<?xml version="1.0" encoding="UTF-8"?>
<!-- Generated by org.testng.reporters.JUnitReportReporter -->
<testsuite hostname="DESKTOP-NAVEEN" name="suiteLevelExecution.Test3" tests="3" failures="0" timestamp="15 Aug 2022 03:45:23 GMT" time="0.134" errors="0">
  <testcase name="tc1000" time="0.134" classname="suiteLevelExecution.Test3"/>
  <testcase name="tc3000" time="0.000" classname="suiteLevelExecution.Test3"/>
  <testcase name="tc2000" time="0.000" classname="suiteLevelExecution.Test3"/>
</testsuite> <!-- suiteLevelExecution.Test3 -->
