<?xml version="1.0" encoding="UTF-8"?>
<!-- Generated by org.testng.reporters.JUnitReportReporter -->
<testsuite skipped="0" hostname="DESKTOP-NAVEEN" name="suiteLevelExecution.Group1" tests="2" failures="0" timestamp="21 Aug 2022 08:38:13 GMT" time="0.005" errors="0">
  <testcase name="tc1" time="0.003" classname="suiteLevelExecution.Group1"/>
  <testcase name="tc2" time="0.002" classname="suiteLevelExecution.Group1"/>
</testsuite> <!-- suiteLevelExecution.Group1 -->
