<?xml version="1.0" encoding="UTF-8"?>
<!-- Generated by org.testng.reporters.JUnitReportReporter -->
<testsuite skipped="0" hostname="DESKTOP-NAVEEN" name="suiteLevelExecution.Group2" tests="2" failures="0" timestamp="21 Aug 2022 08:38:13 GMT" time="0.022" errors="0">
  <testcase name="tc200" time="0.012" classname="suiteLevelExecution.Group2"/>
  <testcase name="tc300" time="0.010" classname="suiteLevelExecution.Group2"/>
</testsuite> <!-- suiteLevelExecution.Group2 -->
