<?xml version="1.0" encoding="UTF-8"?>
<!-- Generated by org.testng.reporters.JUnitReportReporter -->
<testsuite hostname="DESKTOP-NAVEEN" name="practiceOnly.Demo" tests="4" failures="0" timestamp="21 May 2022 18:04:27 GMT" time="0.010" errors="0">
  <testcase name="tc1" time="0.009" classname="practiceOnly.Demo"/>
  <testcase name="tc2" time="0.001" classname="practiceOnly.Demo"/>
  <testcase name="tc4" time="0.000" classname="practiceOnly.Demo"/>
  <testcase name="tc3" time="0.000" classname="practiceOnly.Demo"/>
</testsuite> <!-- practiceOnly.Demo -->
