<?xml version="1.0" encoding="UTF-8"?>
<!-- Generated by org.testng.reporters.JUnitReportReporter -->
<testsuite hostname="DESKTOP-J7V7KI8" name="learnAutomation.LA1" tests="3" failures="0" timestamp="9 Mar 2022 09:56:53 GMT" time="25.707" errors="0">
  <testcase name="openBing" time="8.450" classname="learnAutomation.LA1"/>
  <testcase name="openGoogle" time="9.631" classname="learnAutomation.LA1"/>
  <testcase name="openYahoo" time="7.626" classname="learnAutomation.LA1"/>
</testsuite> <!-- learnAutomation.LA1 -->
