<?xml version="1.0" encoding="UTF-8"?>
<!-- Generated by org.testng.reporters.JUnitReportReporter -->
<testsuite hostname="DESKTOP-J7V7KI8" name="getattribute.Login" tests="1" failures="0" timestamp="24 Mar 2022 04:59:46 GMT" time="9.235" errors="0">
  <testcase name="tc1" time="9.235" classname="getattribute.Login"/>
</testsuite> <!-- getattribute.Login -->
