<?xml version="1.0" encoding="UTF-8"?>
<!-- Generated by org.testng.reporters.JUnitReportReporter -->
<testsuite hostname="DESKTOP-J7V7KI8" name="LoginTestCase.correctUserName" tests="1" failures="0" timestamp="10 Mar 2022 16:47:04 GMT" time="14.201" errors="0">
  <testcase name="loginWithCorrectUserName" time="14.201" classname="LoginTestCase.correctUserName"/>
</testsuite> <!-- LoginTestCase.correctUserName -->
