<?xml version="1.0" encoding="UTF-8"?>
<!-- Generated by org.testng.reporters.JUnitReportReporter -->
<testsuite hostname="DESKTOP-J7V7KI8" name="org.com.Sample1" tests="5" failures="0" timestamp="8 Mar 2022 16:53:04 GMT" time="0.020" errors="0">
  <testcase name="tc4" time="0.020" classname="org.com.Sample1"/>
  <testcase name="tc1" time="0.000" classname="org.com.Sample1"/>
  <testcase name="tc2" time="0.000" classname="org.com.Sample1"/>
  <testcase name="tc5" time="0.000" classname="org.com.Sample1"/>
  <testcase name="tc3" time="0.000" classname="org.com.Sample1"/>
</testsuite> <!-- org.com.Sample1 -->
