<?xml version="1.0" encoding="UTF-8"?>
<!-- Generated by org.testng.reporters.JUnitReportReporter -->
<testsuite hostname="DESKTOP-NAVEEN" name="DailyPracticeTestNG.Practice" tests="4" failures="0" timestamp="17 Aug 2022 19:44:29 GMT" time="636.388" errors="0">
  <testcase name="tc" time="97.674" classname="DailyPracticeTestNG.Practice"/>
  <testcase name="tc" time="57.563" classname="DailyPracticeTestNG.Practice"/>
  <testcase name="tc" time="132.821" classname="DailyPracticeTestNG.Practice"/>
  <testcase name="tc" time="348.330" classname="DailyPracticeTestNG.Practice"/>
</testsuite> <!-- DailyPracticeTestNG.Practice -->
