<?xml version="1.0" encoding="UTF-8"?>
<!-- Generated by org.testng.reporters.JUnitReportReporter -->
<testsuite hostname="DESKTOP-J7V7KI8" name="testng.greenspractice.Task11" tests="2" failures="0" timestamp="19 Mar 2022 06:04:44 GMT" time="0.999" errors="0">
  <testcase name="Facebook" time="0.796" classname="testng.greenspractice.Task11"/>
  <testcase name="Facebook3" time="0.203" classname="testng.greenspractice.Task11"/>
</testsuite> <!-- testng.greenspractice.Task11 -->
