<?xml version="1.0" encoding="UTF-8"?>
<!-- Generated by org.testng.reporters.JUnitReportReporter -->
<testsuite hostname="DESKTOP-NAVEEN" name="testng.greenspractice.Task11" tests="4" failures="0" timestamp="7 Sep 2022 10:05:23 GMT" time="0.875" errors="0">
  <testcase name="Facebook1" time="0.191" classname="testng.greenspractice.Task11"/>
  <testcase name="Facebook3" time="0.168" classname="testng.greenspractice.Task11"/>
  <testcase name="Facebook" time="0.293" classname="testng.greenspractice.Task11"/>
  <testcase name="Facebook2" time="0.223" classname="testng.greenspractice.Task11"/>
</testsuite> <!-- testng.greenspractice.Task11 -->
