<?xml version="1.0" encoding="UTF-8"?>
<!-- Generated by org.testng.reporters.JUnitReportReporter -->
<testsuite hostname="DESKTOP-J7V7KI8" name="suiteLevelExecution.Test1" tests="3" failures="0" timestamp="8 Apr 2022 03:02:10 GMT" time="0.019" errors="0">
  <testcase name="tc1" time="0.017" classname="suiteLevelExecution.Test1"/>
  <testcase name="tc3" time="0.001" classname="suiteLevelExecution.Test1"/>
  <testcase name="tc2" time="0.001" classname="suiteLevelExecution.Test1"/>
</testsuite> <!-- suiteLevelExecution.Test1 -->
