<?xml version="1.0" encoding="UTF-8"?>
<!-- Generated by org.testng.reporters.JUnitReportReporter -->
<testsuite hostname="DESKTOP-NAVEEN" name="suiteLevelExecution.Test2" tests="3" failures="0" timestamp="17 Aug 2022 19:48:47 GMT" time="0.000" errors="0">
  <testcase name="tc100" time="0.000" classname="suiteLevelExecution.Test2"/>
  <testcase name="tc300" time="0.000" classname="suiteLevelExecution.Test2"/>
  <testcase name="tc200" time="0.000" classname="suiteLevelExecution.Test2"/>
</testsuite> <!-- suiteLevelExecution.Test2 -->
