<?xml version="1.0" encoding="UTF-8"?>
<!-- Generated by org.testng.reporters.JUnitReportReporter -->
<testsuite hostname="DESKTOP-J7V7KI8" name="learnAutomation.DriveACar" tests="1" failures="0" timestamp="10 Mar 2022 08:13:53 GMT" time="0.015" errors="0">
  <testcase name="firstTestCase" time="0.015" classname="learnAutomation.DriveACar"/>
</testsuite> <!-- learnAutomation.DriveACar -->
