<?xml version="1.0" encoding="UTF-8"?>
<!-- Generated by org.testng.reporters.JUnitReportReporter -->
<testsuite hostname="DESKTOP-J7V7KI8" name="TestNGDailyPractice.Demo" tests="3" failures="0" timestamp="1 Apr 2022 15:49:05 GMT" time="0.041" errors="0">
  <testcase name="tc1" time="0.017" classname="TestNGDailyPractice.Demo"/>
  <testcase name="tc3" time="0.019" classname="TestNGDailyPractice.Demo"/>
  <testcase name="tc2" time="0.005" classname="TestNGDailyPractice.Demo"/>
</testsuite> <!-- TestNGDailyPractice.Demo -->
