<?xml version="1.0" encoding="UTF-8"?>
<!-- Generated by org.testng.reporters.JUnitReportReporter -->
<testsuite hostname="DESKTOP-J7V7KI8" name="testng.greenspractice.Task111" tests="2" failures="0" timestamp="19 Mar 2022 06:04:44 GMT" time="0.326" errors="0">
  <testcase name="Facebook" time="0.178" classname="testng.greenspractice.Task111"/>
  <testcase name="Facebook3" time="0.148" classname="testng.greenspractice.Task111"/>
</testsuite> <!-- testng.greenspractice.Task111 -->
