<?xml version="1.0" encoding="UTF-8"?>
<!-- Generated by org.testng.reporters.JUnitReportReporter -->
<testsuite hostname="DESKTOP-J7V7KI8" name="testng.greenspractice.Task113" tests="3" failures="0" timestamp="19 Mar 2022 06:04:44 GMT" time="0.563" errors="0">
  <testcase name="Facebook3" time="0.175" classname="testng.greenspractice.Task113"/>
  <testcase name="Facebook" time="0.224" classname="testng.greenspractice.Task113"/>
  <testcase name="Facebook1" time="0.164" classname="testng.greenspractice.Task113"/>
</testsuite> <!-- testng.greenspractice.Task113 -->
