<?xml version="1.0" encoding="UTF-8"?>
<!-- Generated by org.testng.reporters.JUnitReportReporter -->
<testsuite hostname="DESKTOP-J7V7KI8" name="learnAutomation.AssertionExample" tests="1" failures="0" timestamp="9 Mar 2022 10:49:39 GMT" time="0.012" errors="0">
  <testcase name="checkEqual" time="0.012" classname="learnAutomation.AssertionExample"/>
</testsuite> <!-- learnAutomation.AssertionExample -->
